Using pre-set license
Built from '2020.3/staging' branch; Version is '2020.3.30f1 (1fb1bf06830e) revision 2077119'; Using compiler version '192528614'; Build Type 'Release'
OS: 'Windows 10  (10.0.19043) 64bit CoreSingleLanguage' Language: 'en' Physical Memory: 16337 MB
BatchMode: 1, IsHumanControllingUs: 0, StartBugReporterOnCrash: 0, Is64bit: 1, IsPro: 0

COMMAND LINE ARGUMENTS:
C:\Program Files\Unity\Hub\Editor\2020.3.30f1\Editor\Unity.exe
-adb2
-batchMode
-noUpm
-name
AssetImportWorker0
-projectPath
D:/JMC ACADEMY/Trimester 4/Game Dev III Rapid Prototyping/Assesment Task 2_FachrulPrabowo/Treffender
-logFile
Logs/AssetImportWorker0.log
-srvPort
63604
Successfully changed project path to: D:/JMC ACADEMY/Trimester 4/Game Dev III Rapid Prototyping/Assesment Task 2_FachrulPrabowo/Treffender
D:/JMC ACADEMY/Trimester 4/Game Dev III Rapid Prototyping/Assesment Task 2_FachrulPrabowo/Treffender
Using Asset Import Pipeline V2.
Refreshing native plugins compatible for Editor in 58.92 ms, found 3 plugins.
Preloading 0 native plugins for Editor in 0.00 ms.
Initialize engine version: 2020.3.30f1 (1fb1bf06830e)
[Subsystems] Discovering subsystems at path C:/Program Files/Unity/Hub/Editor/2020.3.30f1/Editor/Data/Resources/UnitySubsystems
[Subsystems] Discovering subsystems at path D:/JMC ACADEMY/Trimester 4/Game Dev III Rapid Prototyping/Assesment Task 2_FachrulPrabowo/Treffender/Assets
GfxDevice: creating device client; threaded=0
Direct3D:
    Version:  Direct3D 11.0 [level 11.1]
    Renderer: NVIDIA GeForce GTX 1060 (ID=0x1c60)
    Vendor:   
    VRAM:     6052 MB
    Driver:   27.21.14.5167
Initialize mono
Mono path[0] = 'C:/Program Files/Unity/Hub/Editor/2020.3.30f1/Editor/Data/Managed'
Mono path[1] = 'C:/Program Files/Unity/Hub/Editor/2020.3.30f1/Editor/Data/MonoBleedingEdge/lib/mono/unityjit'
Mono config path = 'C:/Program Files/Unity/Hub/Editor/2020.3.30f1/Editor/Data/MonoBleedingEdge/etc'
Using monoOptions --debugger-agent=transport=dt_socket,embedding=1,server=y,suspend=n,address=127.0.0.1:56744
Begin MonoManager ReloadAssembly
Registering precompiled unity dll's ...
Register platform support module: C:/Program Files/Unity/Hub/Editor/2020.3.30f1/Editor/Data/PlaybackEngines/WebGLSupport/UnityEditor.WebGL.Extensions.dll
Register platform support module: C:/Program Files/Unity/Hub/Editor/2020.3.30f1/Editor/Data/PlaybackEngines/WindowsStandaloneSupport/UnityEditor.WindowsStandalone.Extensions.dll
Registered in 0.003953 seconds.
Native extension for WindowsStandalone target not found
Native extension for WebGL target not found
Refreshing native plugins compatible for Editor in 59.85 ms, found 3 plugins.
Preloading 0 native plugins for Editor in 0.00 ms.
Mono: successfully reloaded assembly
- Completed reload, in  0.781 seconds
Domain Reload Profiling:
	ReloadAssembly (781ms)
		BeginReloadAssembly (98ms)
			ExecutionOrderSort (0ms)
			DisableScriptedObjects (0ms)
			BackupInstance (0ms)
			ReleaseScriptingObjects (0ms)
			CreateAndSetChildDomain (1ms)
		EndReloadAssembly (588ms)
			LoadAssemblies (94ms)
			RebuildTransferFunctionScriptingTraits (0ms)
			SetupTypeCache (191ms)
			ReleaseScriptCaches (0ms)
			RebuildScriptCaches (41ms)
			SetupLoadedEditorAssemblies (219ms)
				LogAssemblyErrors (0ms)
				InitializePlatformSupportModulesInManaged (7ms)
				SetLoadedEditorAssemblies (0ms)
				RefreshPlugins (60ms)
				BeforeProcessingInitializeOnLoad (11ms)
				ProcessInitializeOnLoadAttributes (107ms)
				ProcessInitializeOnLoadMethodAttributes (34ms)
				AfterProcessingInitializeOnLoad (0ms)
				EditorAssembliesLoaded (0ms)
			ExecutionOrderSort2 (0ms)
			AwakeInstancesAfterBackupRestoration (0ms)
Platform modules already initialized, skipping
Registering precompiled user dll's ...
Registered in 0.003965 seconds.
Begin MonoManager ReloadAssembly
Native extension for WindowsStandalone target not found
Native extension for WebGL target not found
Refreshing native plugins compatible for Editor in 62.90 ms, found 3 plugins.
Preloading 0 native plugins for Editor in 0.00 ms.
Mono: successfully reloaded assembly
- Completed reload, in  1.413 seconds
Domain Reload Profiling:
	ReloadAssembly (1414ms)
		BeginReloadAssembly (207ms)
			ExecutionOrderSort (0ms)
			DisableScriptedObjects (6ms)
			BackupInstance (0ms)
			ReleaseScriptingObjects (0ms)
			CreateAndSetChildDomain (23ms)
		EndReloadAssembly (1125ms)
			LoadAssemblies (145ms)
			RebuildTransferFunctionScriptingTraits (0ms)
			SetupTypeCache (368ms)
			ReleaseScriptCaches (1ms)
			RebuildScriptCaches (65ms)
			SetupLoadedEditorAssemblies (426ms)
				LogAssemblyErrors (0ms)
				InitializePlatformSupportModulesInManaged (6ms)
				SetLoadedEditorAssemblies (0ms)
				RefreshPlugins (63ms)
				BeforeProcessingInitializeOnLoad (90ms)
				ProcessInitializeOnLoadAttributes (235ms)
				ProcessInitializeOnLoadMethodAttributes (19ms)
				AfterProcessingInitializeOnLoad (12ms)
				EditorAssembliesLoaded (0ms)
			ExecutionOrderSort2 (0ms)
			AwakeInstancesAfterBackupRestoration (7ms)
Platform modules already initialized, skipping
========================================================================
Worker process is ready to serve import requests
Launched and connected shader compiler UnityShaderCompiler.exe after 0.14 seconds
Refreshing native plugins compatible for Editor in 0.85 ms, found 3 plugins.
Preloading 0 native plugins for Editor in 0.00 ms.
Unloading 2253 Unused Serialized files (Serialized files now loaded: 0)
System memory in use before: 100.4 MB.
System memory in use after: 100.3 MB.

Unloading 31 unused Assets to reduce memory usage. Loaded Objects now: 2685.
Total: 3.791300 ms (FindLiveObjects: 0.516700 ms CreateObjectMapping: 0.234700 ms MarkObjects: 2.874300 ms  DeleteObjects: 0.163800 ms)

AssetImportParameters requested are different than current active one (requested -> active):
  custom:framework-win-MediaFoundation: 216162199b28c13a410421893ffa2e32 -> 
  custom:video-decoder-ogg-theora: a1e56fd34408186e4bbccfd4996cb3dc -> 
  custom:container-muxer-webm: aa71ff27fc2769a1b78a27578f13a17b -> 
  custom:container-demuxer-webm: 4f35f7cbe854078d1ac9338744f61a02 -> 
  custom:container-demuxer-ogg: 62fdf1f143b41e24485cea50d1cbac27 -> 
  custom:video-encoder-webm-vp8: eb34c28f22e8b96e1ab97ce403110664 -> 
  custom:video-codec-MediaFoundation-h265: 746d11721c4dcdbdad8f713fa42b33f4 -> 
  custom:video-decoder-webm-vp8: 9c59270c3fd7afecdb556c50c9e8de78 -> 
  custom:audio-decoder-ogg-vorbis: bf7c407c2cedff20999df2af8eb42d56 -> 
  custom:audio-encoder-webm-vorbis: bf7c407c2cedff20999df2af8eb42d56 -> 
========================================================================
Received Import Request.
  path: Assets/Prototype 1 (Treffenders)
  artifactKey: Guid(3975251e18d7690409ef6bb5c233f73a) Importer(815301076,1909f56bfc062723c751e8b465ee728b)
Start importing Assets/Prototype 1 (Treffenders) using Guid(3975251e18d7690409ef6bb5c233f73a) Importer(815301076,1909f56bfc062723c751e8b465ee728b)  -> (artifact id: '02c8356128dc07685f6ed5ab0994a683') in 0.014756 seconds 
========================================================================
Received Import Request.
  Time since last request: 0.000350 seconds.
  path: Assets/Prototype 2 (Poppers)
  artifactKey: Guid(9ffe6c9524ac92f48bf24c695c63274e) Importer(815301076,1909f56bfc062723c751e8b465ee728b)
Start importing Assets/Prototype 2 (Poppers) using Guid(9ffe6c9524ac92f48bf24c695c63274e) Importer(815301076,1909f56bfc062723c751e8b465ee728b)  -> (artifact id: '1cf7214945a3930f3d8ef3af80a249c6') in 0.008818 seconds 
========================================================================
Received Import Request.
  Time since last request: 50.391381 seconds.
  path: Assets/Prototype 1 (Treffenders)/Tree
  artifactKey: Guid(eaf58de0aa172754cb0d0631c4a81034) Importer(815301076,1909f56bfc062723c751e8b465ee728b)
Start importing Assets/Prototype 1 (Treffenders)/Tree using Guid(eaf58de0aa172754cb0d0631c4a81034) Importer(815301076,1909f56bfc062723c751e8b465ee728b)  -> (artifact id: '524c8e48d06a7e03fade97e3a4d62d2d') in 0.011238 seconds 
========================================================================
Received Import Request.
  Time since last request: 35.241865 seconds.
  path: Assets/Prototype 1 (Treffenders)/Tree/01 to 05.png
  artifactKey: Guid(297b909b659838a41b708e45e4953d5a) Importer(815301076,1909f56bfc062723c751e8b465ee728b)
Start importing Assets/Prototype 1 (Treffenders)/Tree/01 to 05.png using Guid(297b909b659838a41b708e45e4953d5a) Importer(815301076,1909f56bfc062723c751e8b465ee728b)  -> (artifact id: '2de97c45689c0b5c9470b6fe46c6425b') in 0.224857 seconds 
========================================================================
Received Import Request.
  Time since last request: 13.289099 seconds.
  path: Assets/Prototype 1 (Treffenders)/Tree/02 to 05.png
  artifactKey: Guid(2a5c5cb5e3f8bcb44a732cd57cb9c860) Importer(815301076,1909f56bfc062723c751e8b465ee728b)
Start importing Assets/Prototype 1 (Treffenders)/Tree/02 to 05.png using Guid(2a5c5cb5e3f8bcb44a732cd57cb9c860) Importer(815301076,1909f56bfc062723c751e8b465ee728b)  -> (artifact id: '4d85076b809492be0118f3098dabbd92') in 0.022910 seconds 
========================================================================
Received Import Request.
  Time since last request: 11.061147 seconds.
  path: Assets/Prototype 1 (Treffenders)/Tree/03 to 05.png
  artifactKey: Guid(ae3b5b4442f1e8249bc7280fe23f5b22) Importer(815301076,1909f56bfc062723c751e8b465ee728b)
Start importing Assets/Prototype 1 (Treffenders)/Tree/03 to 05.png using Guid(ae3b5b4442f1e8249bc7280fe23f5b22) Importer(815301076,1909f56bfc062723c751e8b465ee728b)  -> (artifact id: '58b39747274032763102f02c96bf15c1') in 0.022934 seconds 
========================================================================
Received Import Request.
  Time since last request: 10.821617 seconds.
  path: Assets/Prototype 1 (Treffenders)/Tree/04 to 05.png
  artifactKey: Guid(dca9ef0e0a81d0c4bb6b591dee3b9e04) Importer(815301076,1909f56bfc062723c751e8b465ee728b)
Start importing Assets/Prototype 1 (Treffenders)/Tree/04 to 05.png using Guid(dca9ef0e0a81d0c4bb6b591dee3b9e04) Importer(815301076,1909f56bfc062723c751e8b465ee728b)  -> (artifact id: 'fc10451ff8d1a354886bd2a2f8ff979e') in 0.022540 seconds 
========================================================================
Received Import Request.
  Time since last request: 10.780927 seconds.
  path: Assets/Prototype 1 (Treffenders)/Tree/05 to 05.png
  artifactKey: Guid(8e0f88cd0afb49a4a898675108dc69f6) Importer(815301076,1909f56bfc062723c751e8b465ee728b)
Start importing Assets/Prototype 1 (Treffenders)/Tree/05 to 05.png using Guid(8e0f88cd0afb49a4a898675108dc69f6) Importer(815301076,1909f56bfc062723c751e8b465ee728b)  -> (artifact id: '753b9f30b516cd965f14b03f1620dc55') in 0.023824 seconds 
========================================================================
Received Import Request.
  Time since last request: 60.727799 seconds.
  path: Assets/Prototype 1 (Treffenders)/Tree/crooked.png
  artifactKey: Guid(c3effd3618a051d49a96a0e795471d08) Importer(815301076,1909f56bfc062723c751e8b465ee728b)
Start importing Assets/Prototype 1 (Treffenders)/Tree/crooked.png using Guid(c3effd3618a051d49a96a0e795471d08) Importer(815301076,1909f56bfc062723c751e8b465ee728b)  -> (artifact id: '3cf7871905c798d5f8d2b26237feedc9') in 0.022619 seconds 
========================================================================
Received Import Request.
  Time since last request: 14.448665 seconds.
  path: Assets/Prototype 1 (Treffenders)/Tree/fall down.png
  artifactKey: Guid(339381f705f3a7846b788f6e604640e2) Importer(815301076,1909f56bfc062723c751e8b465ee728b)
Start importing Assets/Prototype 1 (Treffenders)/Tree/fall down.png using Guid(339381f705f3a7846b788f6e604640e2) Importer(815301076,1909f56bfc062723c751e8b465ee728b)  -> (artifact id: '6de99c28cee0c42283b69a163a23038a') in 0.023308 seconds 
========================================================================
Received Import Request.
  Time since last request: 26.240056 seconds.
  path: Assets/Prototype 1 (Treffenders)/Tree/upright.png
  artifactKey: Guid(b443d6f8e6f2135408f3c7ea3a3aef0f) Importer(815301076,1909f56bfc062723c751e8b465ee728b)
Start importing Assets/Prototype 1 (Treffenders)/Tree/upright.png using Guid(b443d6f8e6f2135408f3c7ea3a3aef0f) Importer(815301076,1909f56bfc062723c751e8b465ee728b)  -> (artifact id: '9befcd8766380d04acadfdbcbb555b35') in 0.020256 seconds 
========================================================================
Received Import Request.
  Time since last request: 13.455060 seconds.
  path: Assets/Prototype 1 (Treffenders)/Tree/dead.png
  artifactKey: Guid(b443d6f8e6f2135408f3c7ea3a3aef0f) Importer(815301076,1909f56bfc062723c751e8b465ee728b)
Start importing Assets/Prototype 1 (Treffenders)/Tree/dead.png using Guid(b443d6f8e6f2135408f3c7ea3a3aef0f) Importer(815301076,1909f56bfc062723c751e8b465ee728b)  -> (artifact id: 'ece4076d13766bb620faeadaabe232b4') in 0.020796 seconds 
AssetImportWorkerClient::OnTransportError - code=2 error=End of file
